nohup: ignoring input
INFO:root:emir.jpg
INFO:root:Level:6
INFO:root:Level:5
INFO:root:Level:4
INFO:root:Level:3
INFO:root:Level:2
INFO:root:Level:1
INFO:root:Level:0
INFO:root:time_cost:27.088781356811523
INFO:root:train.jpg
INFO:root:Level:6
INFO:root:Level:5
INFO:root:Level:4
INFO:root:Level:3
INFO:root:Level:2
INFO:root:Level:1
INFO:root:Level:0
INFO:root:time_cost:27.300832509994507
INFO:root:icon.jpg
INFO:root:Level:6
INFO:root:Level:5
INFO:root:Level:4
INFO:root:Level:3
INFO:root:Level:2
INFO:root:Level:1
INFO:root:Level:0
INFO:root:time_cost:27.312774419784546
INFO:root:three_generations.jpg
INFO:root:Level:6
INFO:root:Level:5
INFO:root:Level:4
INFO:root:Level:3
INFO:root:Level:2
INFO:root:Level:1
INFO:root:Level:0
INFO:root:time_cost:26.94666051864624
INFO:root:lady.jpg
INFO:root:Level:6
INFO:root:Level:5
INFO:root:Level:4
INFO:root:Level:3
INFO:root:Level:2
INFO:root:Level:1
INFO:root:Level:0
INFO:root:time_cost:27.46925926208496
INFO:root:melons.jpg
INFO:root:Level:6
INFO:root:Level:5
INFO:root:Level:4
INFO:root:Level:3
INFO:root:Level:2
INFO:root:Level:1
INFO:root:Level:0
INFO:root:time_cost:27.85795545578003
INFO:root:sculpture.jpg
INFO:root:Level:6
INFO:root:Level:5
INFO:root:Level:4
INFO:root:Level:3
INFO:root:Level:2
INFO:root:Level:1
INFO:root:Level:0
INFO:root:time_cost:28.095731735229492
INFO:root:self_portrait.jpg
INFO:root:Level:6
INFO:root:Level:5
INFO:root:Level:4
INFO:root:Level:3
INFO:root:Level:2
INFO:root:Level:1
INFO:root:Level:0
INFO:root:time_cost:28.04635262489319
INFO:root:harvesters.jpg
INFO:root:Level:6
INFO:root:Level:5
INFO:root:Level:4
INFO:root:Level:3
INFO:root:Level:2
INFO:root:Level:1
INFO:root:Level:0
INFO:root:time_cost:26.661461353302002
INFO:root:church.jpg
INFO:root:Level:6
INFO:root:Level:5
INFO:root:Level:4
INFO:root:Level:3
INFO:root:Level:2
INFO:root:Level:1
INFO:root:Level:0
INFO:root:time_cost:26.006665229797363
INFO:root:onion_church.jpg
INFO:root:Level:6
INFO:root:Level:5
INFO:root:Level:4
INFO:root:Level:3
INFO:root:Level:2
INFO:root:Level:1
INFO:root:Level:0
INFO:root:time_cost:27.645048141479492
